           ###########################################################
           #                 KOMODO Version: 0.2                     #
           #           OPEN NUCLEAR REACTOR SIMULATOR                #
           ###########################################################


  =============================INPUT DATA STARTS HERE===========================
     1: ! IAEA2D input data with FDM nodal kernel                                                                                                                                                               
     2:                                                                                                                                                                                                         
     3: ! Mode card                                                                                                                                                                                             
     4: %MODE                                                                                                                                                                                                   
     5: FORWARD                                                                                                                                                                                                 
     6:                                                                                                                                                                                                         
     7: ! Case card                                                                                                                                                                                             
     8: %CASE                                                                                                                                                                                                   
     9: IAEA2D                                                                                                                                                                                                  
    10: IAEA2D Benchmark With  16x16 nodes/FA with FDM nodal kernel                                                                                                                                             
    11:                                                                                                                                                                                                         
    12: %KERN                                                                                                                                                                                                   
    13: FDM                                                                                                                                                                                                     
    14:                                                                                                                                                                                                         
    15: %ITER                                                                                                                                                                                                   
    16: 1200 20 1.e-5 1.e-5 20 40 20 80 ! Set fission interpolation interval every 10 outer iteration                                                                                                           
    17:                                                                                                                                                                                                         
    18: ! Cross-sections card                                                                                                                                                                                   
    19: %XSEC                                                                                                                                                                                                   
    20: 2  4    ! Number of groups and number of materials                                                                                                                                                      
    21: ! sigtr     siga     nu*sigf    sigf       chi    sigs_g1   sigs_g2                                                                                                                                     
    22: 0.222222  0.010120  0.000000  0.000000  1.000000  0.000000  0.020000                                                                                                                                    
    23: 0.833333  0.080032  0.135000  0.135000  0.000000  0.000000  0.000000  ! COMPOSITION 1                                                                                                                   
    24: 0.222222  0.010120  0.000000  0.000000  1.000000  0.000000  0.020000                                                                                                                                    
    25: 0.833333  0.085032  0.135000  0.135000  0.000000  0.000000  0.000000  ! COMPOSITION 2                                                                                                                   
    26: 0.222222  0.010120  0.000000  0.000000  1.000000  0.000000  0.020000                                                                                                                                    
    27: 0.833333  0.130032  0.135000  0.135000  0.000000  0.000000  0.000000  ! COMPOSITION 3                                                                                                                   
    28: 0.166667  0.000160  0.000000  0.000000  1.000000  0.000000  0.040000                                                                                                                                    
    29: 1.111111  0.010024  0.000000  0.000000  0.000000  0.000000  0.000000  ! COMPOSITION 4                                                                                                                   
    30: ! Geometry card                                                                                                                                                                                         
    31: %GEOM                                                                                                                                                                                                   
    32: 9 9 100                  !nx, ny, nz                                                                                                                                                                    
    33: 10.0   8*20.0          !x-direction assembly size in cm                                                                                                                                                 
    34: 8  8*16                ! 16x16 per FA                                                                                                                                                                   
    35: 8*20.0 10.0            !y-direction assembly size in cm                                                                                                                                                 
    36: 8*16  8                ! 16x16 per FA                                                                                                                                                                   
    37: 100*1.25                 !z-direction assembly  in cm                                                                                                                                                   
    38: 100*1                    !z-direction nodal is not divided                                                                                                                                              
    39: 1                      !np number of planar type                                                                                                                                                        
    40: 100*1                    !planar assignment (from bottom to top)                                                                                                                                        
    41: ! Planar                                                                                                                                                                                                
    42:  3  2  2  2  3  2  2  1  4                                                                                                                                                                              
    43:  2  2  2  2  2  2  2  1  4                                                                                                                                                                              
    44:  2  2  2  2  2  2  1  1  4                                                                                                                                                                              
    45:  2  2  2  2  2  2  1  4  4                                                                                                                                                                              
    46:  3  2  2  2  3  1  1  4  0                                                                                                                                                                              
    47:  2  2  2  2  1  1  4  4  0                                                                                                                                                                              
    48:  2  2  1  1  1  4  4  0  0                                                                                                                                                                              
    49:  1  1  1  4  4  4  0  0  0                                                                                                                                                                              
    50:  4  4  4  4  0  0  0  0  0                                                                                                                                                                              
    51: ! Boundary conditions (east), (west), (north), (south), (bottom), (top)                                                                                                                                 
    52: 1 2 2 1 1 1                                                                                                                                                                                             
    53:                                                                                                                                                                                                         
    54: ! Print Card                                                                                                                                                                                            
    55: %PRNT                                                                                                                                                                                                   
    56: 1 1 0 ! print output                                                                                                                                                                                    
  =============================INPUT DATA   ENDS HERE===========================



                              START READING INPUT
  ******************************************************************************
  CALCULATION MODE : FORWARD CALCULATION                                         

  CASE ID : IAEA2D                                                                                              
  IAEA2D Benchmark With  16x16 nodes/FA with FDM nodal kernel                                         


              >>>>>READING NODAL KERNEL<<<<<
            ------------------------------------
  NODAL KERNEL  : FINITE DIFFERENCE METHOD      


            >>>> READING MACROSCOPIC CROSS SECTIONS <<<<
            --------------------------------------------

     MATERIAL  1
    GROUP   TRANSPORT  DIFFUSION  ABSORPTION  REMOVAL    NU*FISS    KAP*FIS   FISS. SPCTR
       1     0.222222  1.500002   0.010120    0.030120   0.000000 0.00000E+00  1.000000
       2     0.833333  0.400000   0.080032    0.080032   0.135000 1.35000E-01  0.000000
   --SCATTERING MATRIX--
     G/G'          1          2
      1        0.000000    0.020000
      2        0.000000    0.000000

     MATERIAL  2
    GROUP   TRANSPORT  DIFFUSION  ABSORPTION  REMOVAL    NU*FISS    KAP*FIS   FISS. SPCTR
       1     0.222222  1.500002   0.010120    0.030120   0.000000 0.00000E+00  1.000000
       2     0.833333  0.400000   0.085032    0.085032   0.135000 1.35000E-01  0.000000
   --SCATTERING MATRIX--
     G/G'          1          2
      1        0.000000    0.020000
      2        0.000000    0.000000

     MATERIAL  3
    GROUP   TRANSPORT  DIFFUSION  ABSORPTION  REMOVAL    NU*FISS    KAP*FIS   FISS. SPCTR
       1     0.222222  1.500002   0.010120    0.030120   0.000000 0.00000E+00  1.000000
       2     0.833333  0.400000   0.130032    0.130032   0.135000 1.35000E-01  0.000000
   --SCATTERING MATRIX--
     G/G'          1          2
      1        0.000000    0.020000
      2        0.000000    0.000000

     MATERIAL  4
    GROUP   TRANSPORT  DIFFUSION  ABSORPTION  REMOVAL    NU*FISS    KAP*FIS   FISS. SPCTR
       1     0.166667  1.999996   0.000160    0.040160   0.000000 0.00000E+00  1.000000
       2     1.111111  0.300000   0.010024    0.010024   0.000000 0.00000E+00  0.000000
   --SCATTERING MATRIX--
     G/G'          1          2
      1        0.000000    0.040000
      2        0.000000    0.000000

  ...Macroscopic CX Card is successfully read...


            >>>>>READING CORE GEOMETRY<<<<<
            -------------------------------
  Number of assembly in x, y and z directions respectively :
           9           9         100
  Number of nodes in x, y and z directions respectively :
         136         136         100

  x-directed nodes division (delta-x)
     1.25   1.25   1.25   1.25   1.25   1.25   1.25   1.25   1.25   1.25
     1.25   1.25   1.25   1.25   1.25   1.25   1.25   1.25   1.25   1.25
     1.25   1.25   1.25   1.25   1.25   1.25   1.25   1.25   1.25   1.25
     1.25   1.25   1.25   1.25   1.25   1.25   1.25   1.25   1.25   1.25
     1.25   1.25   1.25   1.25   1.25   1.25   1.25   1.25   1.25   1.25
     1.25   1.25   1.25   1.25   1.25   1.25   1.25   1.25   1.25   1.25
     1.25   1.25   1.25   1.25   1.25   1.25   1.25   1.25   1.25   1.25
     1.25   1.25   1.25   1.25   1.25   1.25   1.25   1.25   1.25   1.25
     1.25   1.25   1.25   1.25   1.25   1.25   1.25   1.25   1.25   1.25
     1.25   1.25   1.25   1.25   1.25   1.25   1.25   1.25   1.25   1.25
     1.25   1.25   1.25   1.25   1.25   1.25   1.25   1.25   1.25   1.25
     1.25   1.25   1.25   1.25   1.25   1.25   1.25   1.25   1.25   1.25
     1.25   1.25   1.25   1.25   1.25   1.25   1.25   1.25   1.25   1.25
     1.25   1.25   1.25   1.25   1.25   1.25
  y-directed nodes division (delta-y)
     1.25   1.25   1.25   1.25   1.25   1.25   1.25   1.25   1.25   1.25
     1.25   1.25   1.25   1.25   1.25   1.25   1.25   1.25   1.25   1.25
     1.25   1.25   1.25   1.25   1.25   1.25   1.25   1.25   1.25   1.25
     1.25   1.25   1.25   1.25   1.25   1.25   1.25   1.25   1.25   1.25
     1.25   1.25   1.25   1.25   1.25   1.25   1.25   1.25   1.25   1.25
     1.25   1.25   1.25   1.25   1.25   1.25   1.25   1.25   1.25   1.25
     1.25   1.25   1.25   1.25   1.25   1.25   1.25   1.25   1.25   1.25
     1.25   1.25   1.25   1.25   1.25   1.25   1.25   1.25   1.25   1.25
     1.25   1.25   1.25   1.25   1.25   1.25   1.25   1.25   1.25   1.25
     1.25   1.25   1.25   1.25   1.25   1.25   1.25   1.25   1.25   1.25
     1.25   1.25   1.25   1.25   1.25   1.25   1.25   1.25   1.25   1.25
     1.25   1.25   1.25   1.25   1.25   1.25   1.25   1.25   1.25   1.25
     1.25   1.25   1.25   1.25   1.25   1.25   1.25   1.25   1.25   1.25
     1.25   1.25   1.25   1.25   1.25   1.25


  Planar Region Assignment to planes.
 --------------------------------------
   Plane Number     Planar Region    delta-z
      100 (TOP)            1           1.25
       99                  1           1.25
       98                  1           1.25
       97                  1           1.25
       96                  1           1.25
       95                  1           1.25
       94                  1           1.25
       93                  1           1.25
       92                  1           1.25
       91                  1           1.25
       90                  1           1.25
       89                  1           1.25
       88                  1           1.25
       87                  1           1.25
       86                  1           1.25
       85                  1           1.25
       84                  1           1.25
       83                  1           1.25
       82                  1           1.25
       81                  1           1.25
       80                  1           1.25
       79                  1           1.25
       78                  1           1.25
       77                  1           1.25
       76                  1           1.25
       75                  1           1.25
       74                  1           1.25
       73                  1           1.25
       72                  1           1.25
       71                  1           1.25
       70                  1           1.25
       69                  1           1.25
       68                  1           1.25
       67                  1           1.25
       66                  1           1.25
       65                  1           1.25
       64                  1           1.25
       63                  1           1.25
       62                  1           1.25
       61                  1           1.25
       60                  1           1.25
       59                  1           1.25
       58                  1           1.25
       57                  1           1.25
       56                  1           1.25
       55                  1           1.25
       54                  1           1.25
       53                  1           1.25
       52                  1           1.25
       51                  1           1.25
       50                  1           1.25
       49                  1           1.25
       48                  1           1.25
       47                  1           1.25
       46                  1           1.25
       45                  1           1.25
       44                  1           1.25
       43                  1           1.25
       42                  1           1.25
       41                  1           1.25
       40                  1           1.25
       39                  1           1.25
       38                  1           1.25
       37                  1           1.25
       36                  1           1.25
       35                  1           1.25
       34                  1           1.25
       33                  1           1.25
       32                  1           1.25
       31                  1           1.25
       30                  1           1.25
       29                  1           1.25
       28                  1           1.25
       27                  1           1.25
       26                  1           1.25
       25                  1           1.25
       24                  1           1.25
       23                  1           1.25
       22                  1           1.25
       21                  1           1.25
       20                  1           1.25
       19                  1           1.25
       18                  1           1.25
       17                  1           1.25
       16                  1           1.25
       15                  1           1.25
       14                  1           1.25
       13                  1           1.25
       12                  1           1.25
       11                  1           1.25
       10                  1           1.25
        9                  1           1.25
        8                  1           1.25
        7                  1           1.25
        6                  1           1.25
        5                  1           1.25
        4                  1           1.25
        3                  1           1.25
        2                  1           1.25
        1 (BOTTOM)         1           1.25

   Boundary conditions
  X-directed West   : REFLECTIVE
  X-directed East   : ZERO INCOMING CURRENT
  Y-directed North  : REFLECTIVE
  Y-directed South  : ZERO INCOMING CURRENT
  Z-directed Bottom : ZERO INCOMING CURRENT
  Z-directed Top    : ZERO INCOMING CURRENT

  ...Core geometry is successfully read...


            >>>>>READING OUTPUT PRINT OPTION<<<<<
            -------------------------------------
  RADIAL ASSEMBLY POWER DISTRIBUTION : YES
  AXIAL ASSEMBLY POWER DISTRIBUTION  : YES
  RADIAL FLUX POWER DISTRIBUTION     : NO 


            >>>>>READING ITERATION CONTROL<<<<<
            ------------------------------------
  MAXIMUM NUMBER OF OUTER ITERATION                     :  1200
  MAXIMUM NUMBER OF INNER ITERATION                     :    20
  FISSION SOURCE ERROR CRITERIA                     :    1.000E-05
  FLUX ERROR CRITERIA                               :    1.000E-05
  OUTER ITERATION FISSION SOURCE EXTRAPOLATION INTERVAL :    20
  NODAL UPDATE INTERVAL                                 :    40
  MAX. NUMBER OF T-H ITERATION                          :    20
  MAX. NUMBER OF OUTER ITERATION PER T-H ITERATION      :    80


  ************************  STOP READING INPUT  ********************************


  ==============================================================================
                       FORWARD  CALCULATION RESULTS
  ==============================================================================

  Itr     k-eff     Fis.Src Error     Flux error
 ----------------------------------------------------
    1     0.905512    6.04822E+00    1.70830E+06
    2     0.944566    8.01548E-01    5.41576E+00
    3     0.966716    3.14573E-01    3.60548E+00
    4     0.976306    1.74119E-01    3.31697E-01
    5     0.981693    1.28289E-01    3.26159E-01
    6     0.985180    1.01260E-01    1.33803E-01
    7     0.987695    8.21999E-02    8.58893E-02
    8     0.989641    6.78156E-02    7.00051E-02
    9     0.991123    5.70698E-02    5.88685E-02
   10     0.992323    4.84313E-02    5.24343E-02
   11     0.993242    4.12217E-02    4.24313E-02
   12     0.994000    3.54731E-02    3.69420E-02
   13     0.994597    3.04880E-02    3.14131E-02
   14     0.995083    2.64691E-02    2.72975E-02
   15     0.995489    2.30773E-02    2.38449E-02
   16     0.995823    2.00849E-02    2.07250E-02
   17     0.996096    1.76535E-02    1.82065E-02
   18     0.996327    1.55311E-02    1.60219E-02
   19     0.996523    1.37598E-02    1.45129E-02
     ...FISSION SOURCE EXTRAPOLATED...
   20     0.999361    2.71101E-01    1.25726E-02
   21     0.997339    2.40496E-02    2.50504E-01
   22     0.998798    1.96805E-02    3.19373E-01
   23     0.998784    1.18381E-02    1.01838E-01
   24     0.998642    9.10489E-03    1.16052E-02
   25     0.998516    7.36455E-03    1.03272E-02
   26     0.998421    5.88328E-03    6.15762E-03
   27     0.998346    5.11372E-03    5.13625E-03
   28     0.998285    4.61124E-03    4.64454E-03
   29     0.998239    4.15557E-03    4.17233E-03
   30     0.998204    3.71435E-03    3.73816E-03
   31     0.998178    3.39394E-03    3.40637E-03
   32     0.998158    3.08587E-03    3.09114E-03
   33     0.998144    2.88353E-03    2.90141E-03
   34     0.998133    2.64636E-03    2.64937E-03
   35     0.998126    2.45511E-03    2.46637E-03
   36     0.998122    2.29001E-03    2.29296E-03
   37     0.998120    2.14641E-03    2.15546E-03
   38     0.998119    2.01637E-03    2.01637E-03
   39     0.998121    1.91431E-03    1.92450E-03
     ...FISSION SOURCE EXTRAPOLATED...
   40     0.998159    4.60883E-02    1.79181E-03
   41     0.998006    4.93374E-03    4.09358E-02
   42     0.998187    2.36448E-03    3.26918E-02
   43     0.998217    1.44397E-03    7.45763E-03
   44     0.998232    1.28401E-03    2.26885E-03
   45     0.998243    1.10766E-03    1.14951E-03
   46     0.998252    9.61732E-04    1.04377E-03
   47     0.998259    8.44266E-04    8.78118E-04
   48     0.998265    7.38286E-04    7.64727E-04
   49     0.998270    6.52998E-04    6.91525E-04
   50     0.998274    5.71770E-04    5.91928E-04
   51     0.998278    5.05821E-04    5.30828E-04
   52     0.998281    4.46643E-04    4.64168E-04
   53     0.998284    3.97116E-04    4.15541E-04
   54     0.998286    3.51715E-04    3.67303E-04
   55     0.998288    3.14089E-04    3.28189E-04
   56     0.998290    2.79265E-04    2.92044E-04
   57     0.998291    2.52229E-04    2.73244E-04
   58     0.998292    2.22185E-04    2.33998E-04
   59     0.998293    2.01625E-04    2.19511E-04
     ...FISSION SOURCE EXTRAPOLATED...
   60     0.998304    1.91029E-03    1.85184E-04
   61     0.998296    1.65957E-04    1.72081E-03
   62     0.998302    1.47881E-04    2.11618E-03
   63     0.998303    3.08543E-05    6.82136E-04
   64     0.998303    2.97137E-05    1.90956E-04
   65     0.998303    2.71286E-05    3.04503E-05
   66     0.998302    2.41701E-05    2.42493E-05
   67     0.998302    2.21308E-05    2.21887E-05
   68     0.998302    2.04994E-05    2.05339E-05
   69     0.998302    1.91149E-05    1.91857E-05
   70     0.998302    1.77002E-05    1.77046E-05
   71     0.998302    1.66532E-05    1.67171E-05
   72     0.998302    1.55607E-05    1.55735E-05
   73     0.998302    1.47112E-05    1.47741E-05
   74     0.998302    1.37477E-05    1.37581E-05
   75     0.998302    1.29898E-05    1.30502E-05
   76     0.998302    1.22747E-05    1.22865E-05
   77     0.998302    1.15348E-05    1.15787E-05
   78     0.998302    1.10974E-05    1.11179E-05
   79     0.998302    1.03418E-05    1.03828E-05
     ...FISSION SOURCE EXTRAPOLATED...
   80     0.998303    2.69322E-04    9.98753E-06
   81     0.998302    2.95641E-05    2.37113E-04
   82     0.998303    1.31220E-05    1.69417E-04
   83     0.998303    3.21271E-06    4.20887E-05
   84     0.998304    2.15826E-06    1.37985E-05
   85     0.998304    1.85049E-06    1.89811E-06

  MULTIPLICATION EFFECTIVE (K-EFF) =  0.998304


     Radial Power Distribution
   ==============================
           1       2       3       4       5       6       7       8       9
     9   0.740   1.311   1.457   1.213   0.605   0.936   0.936   0.751        
     8   1.311   1.438   1.484   1.318   1.071   1.038   0.953   0.732        
     7   1.457   1.484   1.474   1.349   1.182   1.073   0.977   0.683        
     6   1.213   1.318   1.349   1.195   0.968   0.907   0.841                
     5   0.605   1.071   1.182   0.968   0.466   0.684   0.587                
     4   0.936   1.038   1.073   0.907   0.684   0.574                        
     3   0.936   0.953   0.977   0.841   0.587                                
     2   0.751   0.732   0.683                                                
     1                                                                        

   MAX POS.       Maximum Value
  (  8,  3)          1.484


     Axial Power Density Distribution
   ====================================

     Plane Number        Power      Height
    -----------------------------------------
       100  (TOP)        0.084      125.00
        99               0.145      123.75
        98               0.199      122.50
        97               0.249      121.25
        96               0.297      120.00
        95               0.343      118.75
        94               0.388      117.50
        93               0.432      116.25
        92               0.476      115.00
        91               0.519      113.75
        90               0.562      112.50
        89               0.604      111.25
        88               0.645      110.00
        87               0.686      108.75
        86               0.727      107.50
        85               0.766      106.25
        84               0.805      105.00
        83               0.843      103.75
        82               0.881      102.50
        81               0.917      101.25
        80               0.953      100.00
        79               0.988       98.75
        78               1.022       97.50
        77               1.055       96.25
        76               1.087       95.00
        75               1.118       93.75
        74               1.149       92.50
        73               1.178       91.25
        72               1.206       90.00
        71               1.233       88.75
        70               1.258       87.50
        69               1.283       86.25
        68               1.307       85.00
        67               1.329       83.75
        66               1.350       82.50
        65               1.370       81.25
        64               1.389       80.00
        63               1.406       78.75
        62               1.422       77.50
        61               1.437       76.25
        60               1.450       75.00
        59               1.463       73.75
        58               1.473       72.50
        57               1.483       71.25
        56               1.491       70.00
        55               1.498       68.75
        54               1.503       67.50
        53               1.508       66.25
        52               1.510       65.00
        51               1.512       63.75
        50               1.512       62.50
        49               1.510       61.25
        48               1.508       60.00
        47               1.503       58.75
        46               1.498       57.50
        45               1.491       56.25
        44               1.483       55.00
        43               1.473       53.75
        42               1.463       52.50
        41               1.450       51.25
        40               1.437       50.00
        39               1.422       48.75
        38               1.406       47.50
        37               1.389       46.25
        36               1.370       45.00
        35               1.350       43.75
        34               1.329       42.50
        33               1.307       41.25
        32               1.283       40.00
        31               1.258       38.75
        30               1.233       37.50
        29               1.206       36.25
        28               1.178       35.00
        27               1.149       33.75
        26               1.118       32.50
        25               1.087       31.25
        24               1.055       30.00
        23               1.022       28.75
        22               0.988       27.50
        21               0.953       26.25
        20               0.917       25.00
        19               0.881       23.75
        18               0.843       22.50
        17               0.805       21.25
        16               0.766       20.00
        15               0.727       18.75
        14               0.686       17.50
        13               0.645       16.25
        12               0.604       15.00
        11               0.562       13.75
        10               0.519       12.50
         9               0.476       11.25
         8               0.432       10.00
         7               0.388        8.75
         6               0.343        7.50
         5               0.297        6.25
         4               0.249        5.00
         3               0.199        3.75
         2               0.145        2.50
         1  (BOTTOM)     0.084        1.25

   MAX POS.       Maximum Value
    ( 51)             1.512


  CPU time breakdown in seconds
    Input reading time   :    0.0894  (  0.1%)
    XSEC processing time :    0.0948  (  0.1%)
    CMFD time            :  164.8654  ( 99.9%)
    Nodal update time    :    0.0000  (  0.0%)
    T-H time             :    0.0000  (  0.0%)
    ------------------------------------------
    Total time           :  165.0496
